<?xml version="1.0" encoding="UTF-8"?>
<testsuite xmlns:xsi="http://www.w3.org/2001/XMLSchema-instance" xsi:noNamespaceSchemaLocation="https://maven.apache.org/surefire/maven-surefire-plugin/xsd/surefire-test-report-3.0.xsd" version="3.0" name="com.spring.data.jpa.StudentRepositoryTest" time="0.504" tests="10" errors="2" skipped="0" failures="0">
  <properties>
[...]
</properties>
  <testcase name="printStudentWhereLastNameNotNull" classname="com.spring.data.jpa.StudentRepositoryTest" time="0.165">
    <system-out><![CDATA[2024-03-02T20:54:18.405+05:30  INFO 41854 --- [           main] t.c.s.AnnotationConfigContextLoaderUtils : Could not detect default configuration classes for test class [com.spring.data.jpa.StudentRepositoryTest]: StudentRepositoryTest does not declare any static, non-private, non-final, nested classes annotated with @Configuration.
2024-03-02T20:54:18.408+05:30  INFO 41854 --- [           main] .b.t.c.SpringBootTestContextBootstrapper : Found @SpringBootConfiguration com.spring.data.jpa.SpringDataJpaApplication for test class com.spring.data.jpa.StudentRepositoryTest
Hibernate: select s1_0.student_id,s1_0.email_address,s1_0.first_name,s1_0.guardian_email,s1_0.guardian_mobile,s1_0.guardian_name,s1_0.last_name from tbl_student s1_0 where s1_0.last_name is not null
Student  = Student [studentId=1, firstName=Rajendra, lastName=Sharma, guardian=Guardian [name=Nikhil Sharma, email=nikhil@gmail.com, mobileNumber=9999999999], emailId=raj@gmail.com]
Student  = Student [studentId=5, firstName=Shivam, lastName=Kumar, guardian=Guardian [name=Nikhil, email=Nikhil@gmail.com, mobileNumber=9999999999], emailId=Shivan@gmail.com]
Student  = Student [studentId=8, firstName=Ankit, lastName=, guardian=null, emailId=Ankit@gmail.com]
]]></system-out>
  </testcase>
  <testcase name="printGetStudentByEmailAddress" classname="com.spring.data.jpa.StudentRepositoryTest" time="0.032">
    <system-out><![CDATA[Hibernate: select s1_0.student_id,s1_0.email_address,s1_0.first_name,s1_0.guardian_email,s1_0.guardian_mobile,s1_0.guardian_name,s1_0.last_name from tbl_student s1_0 where s1_0.email_address=?
Student [studentId=1, firstName=Rajendra, lastName=Sharma, guardian=Guardian [name=Nikhil Sharma, email=nikhil@gmail.com, mobileNumber=9999999999], emailId=raj@gmail.com]
]]></system-out>
  </testcase>
  <testcase name="saveStudent" classname="com.spring.data.jpa.StudentRepositoryTest" time="0.055">
    <error message="could not execute statement [Duplicate entry &apos;Ankit@gmail.com&apos; for key &apos;tbl_student.email_unique&apos;] [insert into tbl_student (email_address,first_name,guardian_email,guardian_mobile,guardian_name,last_name,student_id) values (?,?,?,?,?,?,?)]; SQL [insert into tbl_student (email_address,first_name,guardian_email,guardian_mobile,guardian_name,last_name,student_id) values (?,?,?,?,?,?,?)]; constraint [tbl_student.email_unique]" type="org.springframework.dao.DataIntegrityViolationException"><![CDATA[org.springframework.dao.DataIntegrityViolationException: could not execute statement [Duplicate entry 'Ankit@gmail.com' for key 'tbl_student.email_unique'] [insert into tbl_student (email_address,first_name,guardian_email,guardian_mobile,guardian_name,last_name,student_id) values (?,?,?,?,?,?,?)]; SQL [insert into tbl_student (email_address,first_name,guardian_email,guardian_mobile,guardian_name,last_name,student_id) values (?,?,?,?,?,?,?)]; constraint [tbl_student.email_unique]
	at org.springframework.orm.jpa.vendor.HibernateJpaDialect.convertHibernateAccessException(HibernateJpaDialect.java:290)
	at org.springframework.orm.jpa.vendor.HibernateJpaDialect.translateExceptionIfPossible(HibernateJpaDialect.java:241)
	at org.springframework.orm.jpa.JpaTransactionManager.doCommit(JpaTransactionManager.java:565)
	at org.springframework.transaction.support.AbstractPlatformTransactionManager.processCommit(AbstractPlatformTransactionManager.java:794)
	at org.springframework.transaction.support.AbstractPlatformTransactionManager.commit(AbstractPlatformTransactionManager.java:757)
	at org.springframework.transaction.interceptor.TransactionAspectSupport.commitTransactionAfterReturning(TransactionAspectSupport.java:669)
	at org.springframework.transaction.interceptor.TransactionAspectSupport.invokeWithinTransaction(TransactionAspectSupport.java:419)
	at org.springframework.transaction.interceptor.TransactionInterceptor.invoke(TransactionInterceptor.java:119)
	at org.springframework.aop.framework.ReflectiveMethodInvocation.proceed(ReflectiveMethodInvocation.java:184)
	at org.springframework.dao.support.PersistenceExceptionTranslationInterceptor.invoke(PersistenceExceptionTranslationInterceptor.java:137)
	at org.springframework.aop.framework.ReflectiveMethodInvocation.proceed(ReflectiveMethodInvocation.java:184)
	at org.springframework.data.jpa.repository.support.CrudMethodMetadataPostProcessor$CrudMethodMetadataPopulatingMethodInterceptor.invoke(CrudMethodMetadataPostProcessor.java:164)
	at org.springframework.aop.framework.ReflectiveMethodInvocation.proceed(ReflectiveMethodInvocation.java:184)
	at org.springframework.aop.interceptor.ExposeInvocationInterceptor.invoke(ExposeInvocationInterceptor.java:97)
	at org.springframework.aop.framework.ReflectiveMethodInvocation.proceed(ReflectiveMethodInvocation.java:184)
	at org.springframework.aop.framework.JdkDynamicAopProxy.invoke(JdkDynamicAopProxy.java:220)
	at jdk.proxy2/jdk.proxy2.$Proxy126.save(Unknown Source)
	at com.spring.data.jpa.StudentRepositoryTest.saveStudent(StudentRepositoryTest.java:27)
	at java.base/java.lang.reflect.Method.invoke(Method.java:568)
	at java.base/java.util.ArrayList.forEach(ArrayList.java:1511)
	at java.base/java.util.ArrayList.forEach(ArrayList.java:1511)
Caused by: org.hibernate.exception.ConstraintViolationException: could not execute statement [Duplicate entry 'Ankit@gmail.com' for key 'tbl_student.email_unique'] [insert into tbl_student (email_address,first_name,guardian_email,guardian_mobile,guardian_name,last_name,student_id) values (?,?,?,?,?,?,?)]
	at org.hibernate.exception.internal.SQLExceptionTypeDelegate.convert(SQLExceptionTypeDelegate.java:62)
	at org.hibernate.exception.internal.StandardSQLExceptionConverter.convert(StandardSQLExceptionConverter.java:58)
	at org.hibernate.engine.jdbc.spi.SqlExceptionHelper.convert(SqlExceptionHelper.java:108)
	at org.hibernate.engine.jdbc.internal.ResultSetReturnImpl.executeUpdate(ResultSetReturnImpl.java:197)
	at org.hibernate.engine.jdbc.mutation.internal.AbstractMutationExecutor.performNonBatchedMutation(AbstractMutationExecutor.java:107)
	at org.hibernate.engine.jdbc.mutation.internal.MutationExecutorSingleNonBatched.performNonBatchedOperations(MutationExecutorSingleNonBatched.java:40)
	at org.hibernate.engine.jdbc.mutation.internal.AbstractMutationExecutor.execute(AbstractMutationExecutor.java:52)
	at org.hibernate.persister.entity.mutation.InsertCoordinator.doStaticInserts(InsertCoordinator.java:175)
	at org.hibernate.persister.entity.mutation.InsertCoordinator.coordinateInsert(InsertCoordinator.java:113)
	at org.hibernate.persister.entity.AbstractEntityPersister.insert(AbstractEntityPersister.java:2873)
	at org.hibernate.action.internal.EntityInsertAction.execute(EntityInsertAction.java:104)
	at org.hibernate.engine.spi.ActionQueue.executeActions(ActionQueue.java:632)
	at org.hibernate.engine.spi.ActionQueue.executeActions(ActionQueue.java:499)
	at org.hibernate.event.internal.AbstractFlushingEventListener.performExecutions(AbstractFlushingEventListener.java:363)
	at org.hibernate.event.internal.DefaultFlushEventListener.onFlush(DefaultFlushEventListener.java:41)
	at org.hibernate.event.service.internal.EventListenerGroupImpl.fireEventOnEachListener(EventListenerGroupImpl.java:127)
	at org.hibernate.internal.SessionImpl.doFlush(SessionImpl.java:1423)
	at org.hibernate.internal.SessionImpl.managedFlush(SessionImpl.java:504)
	at org.hibernate.internal.SessionImpl.flushBeforeTransactionCompletion(SessionImpl.java:2339)
	at org.hibernate.internal.SessionImpl.beforeTransactionCompletion(SessionImpl.java:1996)
	at org.hibernate.engine.jdbc.internal.JdbcCoordinatorImpl.beforeTransactionCompletion(JdbcCoordinatorImpl.java:439)
	at org.hibernate.resource.transaction.backend.jdbc.internal.JdbcResourceLocalTransactionCoordinatorImpl.beforeCompletionCallback(JdbcResourceLocalTransactionCoordinatorImpl.java:169)
	at org.hibernate.resource.transaction.backend.jdbc.internal.JdbcResourceLocalTransactionCoordinatorImpl$TransactionDriverControlImpl.commit(JdbcResourceLocalTransactionCoordinatorImpl.java:267)
	at org.hibernate.engine.transaction.internal.TransactionImpl.commit(TransactionImpl.java:101)
	at org.springframework.orm.jpa.JpaTransactionManager.doCommit(JpaTransactionManager.java:561)
	... 18 more
Caused by: java.sql.SQLIntegrityConstraintViolationException: Duplicate entry 'Ankit@gmail.com' for key 'tbl_student.email_unique'
	at com.mysql.cj.jdbc.exceptions.SQLError.createSQLException(SQLError.java:118)
	at com.mysql.cj.jdbc.exceptions.SQLExceptionsMapping.translateException(SQLExceptionsMapping.java:122)
	at com.mysql.cj.jdbc.ClientPreparedStatement.executeInternal(ClientPreparedStatement.java:912)
	at com.mysql.cj.jdbc.ClientPreparedStatement.executeUpdateInternal(ClientPreparedStatement.java:1054)
	at com.mysql.cj.jdbc.ClientPreparedStatement.executeUpdateInternal(ClientPreparedStatement.java:1003)
	at com.mysql.cj.jdbc.ClientPreparedStatement.executeLargeUpdate(ClientPreparedStatement.java:1312)
	at com.mysql.cj.jdbc.ClientPreparedStatement.executeUpdate(ClientPreparedStatement.java:988)
	at com.zaxxer.hikari.pool.ProxyPreparedStatement.executeUpdate(ProxyPreparedStatement.java:61)
	at com.zaxxer.hikari.pool.HikariProxyPreparedStatement.executeUpdate(HikariProxyPreparedStatement.java)
	at org.hibernate.engine.jdbc.internal.ResultSetReturnImpl.executeUpdate(ResultSetReturnImpl.java:194)
	... 39 more
]]></error>
    <system-out><![CDATA[Hibernate: select next_val as id_val from student_sequence for update
Hibernate: update student_sequence set next_val= ? where next_val=?
Hibernate: insert into tbl_student (email_address,first_name,guardian_email,guardian_mobile,guardian_name,last_name,student_id) values (?,?,?,?,?,?,?)
2024-03-02T20:54:18.654+05:30  WARN 41854 --- [           main] o.h.engine.jdbc.spi.SqlExceptionHelper   : SQL Error: 1062, SQLState: 23000
2024-03-02T20:54:18.654+05:30 ERROR 41854 --- [           main] o.h.engine.jdbc.spi.SqlExceptionHelper   : Duplicate entry 'Ankit@gmail.com' for key 'tbl_student.email_unique'
]]></system-out>
  </testcase>
  <testcase name="printAllStudent" classname="com.spring.data.jpa.StudentRepositoryTest" time="0.015">
    <system-out><![CDATA[Hibernate: select s1_0.student_id,s1_0.email_address,s1_0.first_name,s1_0.guardian_email,s1_0.guardian_mobile,s1_0.guardian_name,s1_0.last_name from tbl_student s1_0
[Student [studentId=1, firstName=Rajendra, lastName=Sharma, guardian=Guardian [name=Nikhil Sharma, email=nikhil@gmail.com, mobileNumber=9999999999], emailId=raj@gmail.com], Student [studentId=5, firstName=Shivam, lastName=Kumar, guardian=Guardian [name=Nikhil, email=Nikhil@gmail.com, mobileNumber=9999999999], emailId=Shivan@gmail.com], Student [studentId=8, firstName=Ankit, lastName=, guardian=null, emailId=Ankit@gmail.com]]
]]></system-out>
  </testcase>
  <testcase name="updateStudentNameByEmailIdTest" classname="com.spring.data.jpa.StudentRepositoryTest" time="0.042">
    <system-out><![CDATA[Hibernate: update tbl_student set first_name =? where email_address=?
]]></system-out>
  </testcase>
  <testcase name="saveStudentWithGuardian" classname="com.spring.data.jpa.StudentRepositoryTest" time="0.024">
    <error message="could not execute statement [Duplicate entry &apos;Shivan@gmail.com&apos; for key &apos;tbl_student.email_unique&apos;] [insert into tbl_student (email_address,first_name,guardian_email,guardian_mobile,guardian_name,last_name,student_id) values (?,?,?,?,?,?,?)]; SQL [insert into tbl_student (email_address,first_name,guardian_email,guardian_mobile,guardian_name,last_name,student_id) values (?,?,?,?,?,?,?)]; constraint [tbl_student.email_unique]" type="org.springframework.dao.DataIntegrityViolationException"><![CDATA[org.springframework.dao.DataIntegrityViolationException: could not execute statement [Duplicate entry 'Shivan@gmail.com' for key 'tbl_student.email_unique'] [insert into tbl_student (email_address,first_name,guardian_email,guardian_mobile,guardian_name,last_name,student_id) values (?,?,?,?,?,?,?)]; SQL [insert into tbl_student (email_address,first_name,guardian_email,guardian_mobile,guardian_name,last_name,student_id) values (?,?,?,?,?,?,?)]; constraint [tbl_student.email_unique]
	at org.springframework.orm.jpa.vendor.HibernateJpaDialect.convertHibernateAccessException(HibernateJpaDialect.java:290)
	at org.springframework.orm.jpa.vendor.HibernateJpaDialect.translateExceptionIfPossible(HibernateJpaDialect.java:241)
	at org.springframework.orm.jpa.JpaTransactionManager.doCommit(JpaTransactionManager.java:565)
	at org.springframework.transaction.support.AbstractPlatformTransactionManager.processCommit(AbstractPlatformTransactionManager.java:794)
	at org.springframework.transaction.support.AbstractPlatformTransactionManager.commit(AbstractPlatformTransactionManager.java:757)
	at org.springframework.transaction.interceptor.TransactionAspectSupport.commitTransactionAfterReturning(TransactionAspectSupport.java:669)
	at org.springframework.transaction.interceptor.TransactionAspectSupport.invokeWithinTransaction(TransactionAspectSupport.java:419)
	at org.springframework.transaction.interceptor.TransactionInterceptor.invoke(TransactionInterceptor.java:119)
	at org.springframework.aop.framework.ReflectiveMethodInvocation.proceed(ReflectiveMethodInvocation.java:184)
	at org.springframework.dao.support.PersistenceExceptionTranslationInterceptor.invoke(PersistenceExceptionTranslationInterceptor.java:137)
	at org.springframework.aop.framework.ReflectiveMethodInvocation.proceed(ReflectiveMethodInvocation.java:184)
	at org.springframework.data.jpa.repository.support.CrudMethodMetadataPostProcessor$CrudMethodMetadataPopulatingMethodInterceptor.invoke(CrudMethodMetadataPostProcessor.java:164)
	at org.springframework.aop.framework.ReflectiveMethodInvocation.proceed(ReflectiveMethodInvocation.java:184)
	at org.springframework.aop.interceptor.ExposeInvocationInterceptor.invoke(ExposeInvocationInterceptor.java:97)
	at org.springframework.aop.framework.ReflectiveMethodInvocation.proceed(ReflectiveMethodInvocation.java:184)
	at org.springframework.aop.framework.JdkDynamicAopProxy.invoke(JdkDynamicAopProxy.java:220)
	at jdk.proxy2/jdk.proxy2.$Proxy126.save(Unknown Source)
	at com.spring.data.jpa.StudentRepositoryTest.saveStudentWithGuardian(StudentRepositoryTest.java:50)
	at java.base/java.lang.reflect.Method.invoke(Method.java:568)
	at java.base/java.util.ArrayList.forEach(ArrayList.java:1511)
	at java.base/java.util.ArrayList.forEach(ArrayList.java:1511)
Caused by: org.hibernate.exception.ConstraintViolationException: could not execute statement [Duplicate entry 'Shivan@gmail.com' for key 'tbl_student.email_unique'] [insert into tbl_student (email_address,first_name,guardian_email,guardian_mobile,guardian_name,last_name,student_id) values (?,?,?,?,?,?,?)]
	at org.hibernate.exception.internal.SQLExceptionTypeDelegate.convert(SQLExceptionTypeDelegate.java:62)
	at org.hibernate.exception.internal.StandardSQLExceptionConverter.convert(StandardSQLExceptionConverter.java:58)
	at org.hibernate.engine.jdbc.spi.SqlExceptionHelper.convert(SqlExceptionHelper.java:108)
	at org.hibernate.engine.jdbc.internal.ResultSetReturnImpl.executeUpdate(ResultSetReturnImpl.java:197)
	at org.hibernate.engine.jdbc.mutation.internal.AbstractMutationExecutor.performNonBatchedMutation(AbstractMutationExecutor.java:107)
	at org.hibernate.engine.jdbc.mutation.internal.MutationExecutorSingleNonBatched.performNonBatchedOperations(MutationExecutorSingleNonBatched.java:40)
	at org.hibernate.engine.jdbc.mutation.internal.AbstractMutationExecutor.execute(AbstractMutationExecutor.java:52)
	at org.hibernate.persister.entity.mutation.InsertCoordinator.doStaticInserts(InsertCoordinator.java:175)
	at org.hibernate.persister.entity.mutation.InsertCoordinator.coordinateInsert(InsertCoordinator.java:113)
	at org.hibernate.persister.entity.AbstractEntityPersister.insert(AbstractEntityPersister.java:2873)
	at org.hibernate.action.internal.EntityInsertAction.execute(EntityInsertAction.java:104)
	at org.hibernate.engine.spi.ActionQueue.executeActions(ActionQueue.java:632)
	at org.hibernate.engine.spi.ActionQueue.executeActions(ActionQueue.java:499)
	at org.hibernate.event.internal.AbstractFlushingEventListener.performExecutions(AbstractFlushingEventListener.java:363)
	at org.hibernate.event.internal.DefaultFlushEventListener.onFlush(DefaultFlushEventListener.java:41)
	at org.hibernate.event.service.internal.EventListenerGroupImpl.fireEventOnEachListener(EventListenerGroupImpl.java:127)
	at org.hibernate.internal.SessionImpl.doFlush(SessionImpl.java:1423)
	at org.hibernate.internal.SessionImpl.managedFlush(SessionImpl.java:504)
	at org.hibernate.internal.SessionImpl.flushBeforeTransactionCompletion(SessionImpl.java:2339)
	at org.hibernate.internal.SessionImpl.beforeTransactionCompletion(SessionImpl.java:1996)
	at org.hibernate.engine.jdbc.internal.JdbcCoordinatorImpl.beforeTransactionCompletion(JdbcCoordinatorImpl.java:439)
	at org.hibernate.resource.transaction.backend.jdbc.internal.JdbcResourceLocalTransactionCoordinatorImpl.beforeCompletionCallback(JdbcResourceLocalTransactionCoordinatorImpl.java:169)
	at org.hibernate.resource.transaction.backend.jdbc.internal.JdbcResourceLocalTransactionCoordinatorImpl$TransactionDriverControlImpl.commit(JdbcResourceLocalTransactionCoordinatorImpl.java:267)
	at org.hibernate.engine.transaction.internal.TransactionImpl.commit(TransactionImpl.java:101)
	at org.springframework.orm.jpa.JpaTransactionManager.doCommit(JpaTransactionManager.java:561)
	... 18 more
Caused by: java.sql.SQLIntegrityConstraintViolationException: Duplicate entry 'Shivan@gmail.com' for key 'tbl_student.email_unique'
	at com.mysql.cj.jdbc.exceptions.SQLError.createSQLException(SQLError.java:118)
	at com.mysql.cj.jdbc.exceptions.SQLExceptionsMapping.translateException(SQLExceptionsMapping.java:122)
	at com.mysql.cj.jdbc.ClientPreparedStatement.executeInternal(ClientPreparedStatement.java:912)
	at com.mysql.cj.jdbc.ClientPreparedStatement.executeUpdateInternal(ClientPreparedStatement.java:1054)
	at com.mysql.cj.jdbc.ClientPreparedStatement.executeUpdateInternal(ClientPreparedStatement.java:1003)
	at com.mysql.cj.jdbc.ClientPreparedStatement.executeLargeUpdate(ClientPreparedStatement.java:1312)
	at com.mysql.cj.jdbc.ClientPreparedStatement.executeUpdate(ClientPreparedStatement.java:988)
	at com.zaxxer.hikari.pool.ProxyPreparedStatement.executeUpdate(ProxyPreparedStatement.java:61)
	at com.zaxxer.hikari.pool.HikariProxyPreparedStatement.executeUpdate(HikariProxyPreparedStatement.java)
	at org.hibernate.engine.jdbc.internal.ResultSetReturnImpl.executeUpdate(ResultSetReturnImpl.java:194)
	... 39 more
]]></error>
    <system-out><![CDATA[Hibernate: select next_val as id_val from student_sequence for update
Hibernate: update student_sequence set next_val= ? where next_val=?
Hibernate: insert into tbl_student (email_address,first_name,guardian_email,guardian_mobile,guardian_name,last_name,student_id) values (?,?,?,?,?,?,?)
2024-03-02T20:54:18.757+05:30  WARN 41854 --- [           main] o.h.engine.jdbc.spi.SqlExceptionHelper   : SQL Error: 1062, SQLState: 23000
2024-03-02T20:54:18.757+05:30 ERROR 41854 --- [           main] o.h.engine.jdbc.spi.SqlExceptionHelper   : Duplicate entry 'Shivan@gmail.com' for key 'tbl_student.email_unique'
]]></system-out>
  </testcase>
  <testcase name="printGetStudentFirstNameByEmailAddress" classname="com.spring.data.jpa.StudentRepositoryTest" time="0.014">
    <system-out><![CDATA[Hibernate: select s1_0.first_name from tbl_student s1_0 where s1_0.email_address=?
Rajendra
]]></system-out>
  </testcase>
  <testcase name="printStudentByFirstName" classname="com.spring.data.jpa.StudentRepositoryTest" time="0.018">
    <system-out><![CDATA[Hibernate: select s1_0.student_id,s1_0.email_address,s1_0.first_name,s1_0.guardian_email,s1_0.guardian_mobile,s1_0.guardian_name,s1_0.last_name from tbl_student s1_0 where s1_0.first_name=?
Students --->  [Student [studentId=5, firstName=Shivam, lastName=Kumar, guardian=Guardian [name=Nikhil, email=Nikhil@gmail.com, mobileNumber=9999999999], emailId=Shivan@gmail.com]]
]]></system-out>
  </testcase>
  <testcase name="printGetStudentByEmailAddressNative" classname="com.spring.data.jpa.StudentRepositoryTest" time="0.081">
    <system-out><![CDATA[Hibernate: select * from tbl_student s where s.email_address=?
Student [studentId=1, firstName=Rajendra, lastName=Sharma, guardian=Guardian [name=Nikhil Sharma, email=nikhil@gmail.com, mobileNumber=9999999999], emailId=raj@gmail.com]
]]></system-out>
  </testcase>
  <testcase name="printStudentByFirstNameContaining" classname="com.spring.data.jpa.StudentRepositoryTest" time="0.016">
    <system-out><![CDATA[Hibernate: select s1_0.student_id,s1_0.email_address,s1_0.first_name,s1_0.guardian_email,s1_0.guardian_mobile,s1_0.guardian_name,s1_0.last_name from tbl_student s1_0 where s1_0.first_name like ? escape '\\'
[Student [studentId=5, firstName=Shivam, lastName=Kumar, guardian=Guardian [name=Nikhil, email=Nikhil@gmail.com, mobileNumber=9999999999], emailId=Shivan@gmail.com]]
]]></system-out>
  </testcase>
</testsuite>